<?xml version="1.0" encoding="UTF-8"?>
<!-- Generated by org.testng.reporters.JUnitXMLReporter -->
<testsuite hostname="WINDOWS-04O9JVO" failures="1" tests="4" name="HomeDepot Test" time="82.725" errors="0" timestamp="7 Apr 2021 23:46:12 GMT">
  <testcase classname="com.homedepot.TestCases.DIYProjectTC" name="checkProjectListContent" time="12.829"/>
  <testcase classname="com.homedepot.TestCases.DIYProjectTC" name="checkProjectListInVisible" time="5.639"/>
  <testcase classname="com.homedepot.TestCases.DIYProjectTC" name="checkProjectListNavigation" time="48.626">
    <failure type="java.lang.AssertionError" message="expected [Hallway &amp;amp; Wall Ideas &amp;amp; Projects] but found []">
      <![CDATA[java.lang.AssertionError: expected [Hallway & Wall Ideas & Projects] but found []
	at com.homedepot.TestCases.DIYProjectTC.ProjectListNavigation(DIYProjectTC.java:439)
	at com.homedepot.TestCases.DIYProjectTC.checkProjectListNavigation(DIYProjectTC.java:385)
... Removed 29 stack frames]]>
    </failure>
  </testcase> <!-- checkProjectListNavigation -->
  <testcase classname="com.homedepot.TestCases.DIYProjectTC" name="checkProjectListVisible" time="5.755"/>
</testsuite> <!-- HomeDepot Test -->
